<?xml version="1.0" encoding="UTF-8"?>
<testsuite xmlns:xsi="http://www.w3.org/2001/XMLSchema-instance" xsi:noNamespaceSchemaLocation="https://maven.apache.org/surefire/maven-surefire-plugin/xsd/surefire-test-report.xsd" name="dev.aretzera.first.AppTest" time="0.004" tests="0" errors="0" skipped="0" failures="0">
  <properties>
    <property name="java.specification.version" value="17"/>
    <property name="sun.jnu.encoding" value="UTF-8"/>
    <property name="java.class.path" value="/home/aretzera/Documents/yesjava/first/target/test-classes:/home/aretzera/Documents/yesjava/first/target/classes:/home/aretzera/.m2/repository/org/spigotmc/spigot-api/1.20-R0.1-SNAPSHOT/spigot-api-1.20-R0.1-SNAPSHOT.jar:/home/aretzera/.m2/repository/com/google/guava/guava/31.1-jre/guava-31.1-jre.jar:/home/aretzera/.m2/repository/com/google/guava/failureaccess/1.0.1/failureaccess-1.0.1.jar:/home/aretzera/.m2/repository/com/google/guava/listenablefuture/9999.0-empty-to-avoid-conflict-with-guava/listenablefuture-9999.0-empty-to-avoid-conflict-with-guava.jar:/home/aretzera/.m2/repository/com/google/code/findbugs/jsr305/3.0.2/jsr305-3.0.2.jar:/home/aretzera/.m2/repository/org/checkerframework/checker-qual/3.12.0/checker-qual-3.12.0.jar:/home/aretzera/.m2/repository/com/google/errorprone/error_prone_annotations/2.11.0/error_prone_annotations-2.11.0.jar:/home/aretzera/.m2/repository/com/google/j2objc/j2objc-annotations/1.3/j2objc-annotations-1.3.jar:/home/aretzera/.m2/repository/com/google/code/gson/gson/2.10/gson-2.10.jar:/home/aretzera/.m2/repository/org/joml/joml/1.10.5/joml-1.10.5.jar:/home/aretzera/.m2/repository/net/md-5/bungeecord-chat/1.16-R0.4/bungeecord-chat-1.16-R0.4.jar:/home/aretzera/.m2/repository/org/yaml/snakeyaml/2.0/snakeyaml-2.0.jar:"/>
    <property name="java.vm.vendor" value="Oracle Corporation"/>
    <property name="sun.arch.data.model" value="64"/>
    <property name="java.vendor.url" value="https://java.oracle.com/"/>
    <property name="user.timezone" value="Asia/Ho_Chi_Minh"/>
    <property name="os.name" value="Linux"/>
    <property name="java.vm.specification.version" value="17"/>
    <property name="sun.java.launcher" value="SUN_STANDARD"/>
    <property name="user.country" value="US"/>
    <property name="sun.boot.library.path" value="/home/aretzera/.sdkman/candidates/java/17.0.11-graal/lib"/>
    <property name="sun.java.command" value="/home/aretzera/Documents/yesjava/first/target/surefire/surefirebooter4927716286778869121.jar /home/aretzera/Documents/yesjava/first/target/surefire 2024-05-24T11-13-31_966-jvmRun1 surefire15532894968797189774tmp surefire_02105966322393203301tmp"/>
    <property name="jdk.debug" value="release"/>
    <property name="surefire.test.class.path" value="/home/aretzera/Documents/yesjava/first/target/test-classes:/home/aretzera/Documents/yesjava/first/target/classes:/home/aretzera/.m2/repository/org/spigotmc/spigot-api/1.20-R0.1-SNAPSHOT/spigot-api-1.20-R0.1-SNAPSHOT.jar:/home/aretzera/.m2/repository/com/google/guava/guava/31.1-jre/guava-31.1-jre.jar:/home/aretzera/.m2/repository/com/google/guava/failureaccess/1.0.1/failureaccess-1.0.1.jar:/home/aretzera/.m2/repository/com/google/guava/listenablefuture/9999.0-empty-to-avoid-conflict-with-guava/listenablefuture-9999.0-empty-to-avoid-conflict-with-guava.jar:/home/aretzera/.m2/repository/com/google/code/findbugs/jsr305/3.0.2/jsr305-3.0.2.jar:/home/aretzera/.m2/repository/org/checkerframework/checker-qual/3.12.0/checker-qual-3.12.0.jar:/home/aretzera/.m2/repository/com/google/errorprone/error_prone_annotations/2.11.0/error_prone_annotations-2.11.0.jar:/home/aretzera/.m2/repository/com/google/j2objc/j2objc-annotations/1.3/j2objc-annotations-1.3.jar:/home/aretzera/.m2/repository/com/google/code/gson/gson/2.10/gson-2.10.jar:/home/aretzera/.m2/repository/org/joml/joml/1.10.5/joml-1.10.5.jar:/home/aretzera/.m2/repository/net/md-5/bungeecord-chat/1.16-R0.4/bungeecord-chat-1.16-R0.4.jar:/home/aretzera/.m2/repository/org/yaml/snakeyaml/2.0/snakeyaml-2.0.jar:"/>
    <property name="sun.cpu.endian" value="little"/>
    <property name="user.home" value="/home/aretzera"/>
    <property name="user.language" value="en"/>
    <property name="java.specification.vendor" value="Oracle Corporation"/>
    <property name="java.version.date" value="2024-04-16"/>
    <property name="java.home" value="/home/aretzera/.sdkman/candidates/java/17.0.11-graal"/>
    <property name="file.separator" value="/"/>
    <property name="basedir" value="/home/aretzera/Documents/yesjava/first"/>
    <property name="java.vm.compressedOopsMode" value="32-bit"/>
    <property name="jdk.internal.vm.ci.enabled" value="true"/>
    <property name="line.separator" value="&#10;"/>
    <property name="java.specification.name" value="Java Platform API Specification"/>
    <property name="java.vm.specification.vendor" value="Oracle Corporation"/>
    <property name="surefire.real.class.path" value="/home/aretzera/Documents/yesjava/first/target/surefire/surefirebooter4927716286778869121.jar"/>
    <property name="sun.management.compiler" value="HotSpot 64-Bit Tiered Compilers"/>
    <property name="java.runtime.version" value="17.0.11+7-LTS-jvmci-23.0-b34"/>
    <property name="user.name" value="aretzera"/>
    <property name="path.separator" value=":"/>
    <property name="os.version" value="6.3.0-060300-generic"/>
    <property name="java.runtime.name" value="Java(TM) SE Runtime Environment"/>
    <property name="file.encoding" value="UTF-8"/>
    <property name="java.vm.name" value="Java HotSpot(TM) 64-Bit Server VM"/>
    <property name="java.vendor.version" value="Oracle GraalVM 17.0.11+7.1"/>
    <property name="localRepository" value="/home/aretzera/.m2/repository"/>
    <property name="java.vendor.url.bug" value="https://bugreport.java.com/bugreport/"/>
    <property name="java.io.tmpdir" value="/tmp"/>
    <property name="java.version" value="17.0.11"/>
    <property name="user.dir" value="/home/aretzera/Documents/yesjava/first"/>
    <property name="os.arch" value="amd64"/>
    <property name="java.vm.specification.name" value="Java Virtual Machine Specification"/>
    <property name="native.encoding" value="UTF-8"/>
    <property name="java.library.path" value="/usr/java/packages/lib:/usr/lib64:/lib64:/lib:/usr/lib"/>
    <property name="java.vm.info" value="mixed mode, sharing"/>
    <property name="java.vendor" value="Oracle Corporation"/>
    <property name="java.vm.version" value="17.0.11+7-LTS-jvmci-23.0-b34"/>
    <property name="sun.io.unicode.encoding" value="UnicodeLittle"/>
    <property name="java.class.version" value="61.0"/>
  </properties>
</testsuite>